<?xml version="1.0" encoding="UTF-8"?>
<!-- Generated by org.testng.reporters.JUnitReportReporter -->
<testsuite hostname="DESKTOP-37JE1B6" failures="0" tests="1" name="SearchPageTestRunner" time="5.680" errors="0" timestamp="2024-05-22T20:06:00 IST" skipped="0">
  <testcase classname="SearchPageTestRunner" name="runScenario" time="5.680"/>
</testsuite> <!-- SearchPageTestRunner -->
