<?xml version="1.0" encoding="UTF-8"?>
<!-- Generated by org.testng.reporters.JUnitReportReporter -->
<testsuite hostname="DESKTOP-37JE1B6" failures="0" tests="6" name="LoginPageTestRunner" time="35.116" errors="0" timestamp="2024-05-22T20:06:00 IST" skipped="0">
  <testcase classname="LoginPageTestRunner" name="runScenario" time="5.208"/>
  <testcase classname="LoginPageTestRunner" name="runScenario" time="6.443"/>
  <testcase classname="LoginPageTestRunner" name="runScenario" time="6.351"/>
  <testcase classname="LoginPageTestRunner" name="runScenario" time="5.846"/>
  <testcase classname="LoginPageTestRunner" name="runScenario" time="5.929"/>
  <testcase classname="LoginPageTestRunner" name="runScenario" time="5.339"/>
</testsuite> <!-- LoginPageTestRunner -->
