<?xml version="1.0" encoding="UTF-8"?>
<!-- Generated by org.testng.reporters.JUnitReportReporter -->
<testsuite hostname="DESKTOP-37JE1B6" failures="0" tests="3" name="HomePageTestRunner" time="19.726" errors="0" timestamp="2024-05-22T20:06:00 IST" skipped="0">
  <testcase classname="HomePageTestRunner" name="runScenario" time="6.393"/>
  <testcase classname="HomePageTestRunner" name="runScenario" time="5.952"/>
  <testcase classname="HomePageTestRunner" name="runScenario" time="7.381"/>
</testsuite> <!-- HomePageTestRunner -->
