<?xml version="1.0" encoding="UTF-8"?>
<!-- Generated by org.testng.reporters.JUnitReportReporter -->
<testsuite hostname="DESKTOP-37JE1B6" failures="0" tests="1" name="PopularPageTestRunner" time="5.659" errors="0" timestamp="2024-05-22T20:06:00 IST" skipped="0">
  <testcase classname="PopularPageTestRunner" name="runScenario" time="5.659"/>
</testsuite> <!-- PopularPageTestRunner -->
