<?xml version="1.0" encoding="UTF-8"?>
<!-- Generated by org.testng.reporters.JUnitReportReporter -->
<testsuite hostname="DESKTOP-37JE1B6" failures="0" tests="2" name="AccountPageTestRunner" time="12.940" errors="0" timestamp="2024-05-22T20:06:00 IST" skipped="0">
  <testcase classname="AccountPageTestRunner" name="runScenario" time="6.598"/>
  <testcase classname="AccountPageTestRunner" name="runScenario" time="6.342"/>
</testsuite> <!-- AccountPageTestRunner -->
