<?xml version="1.0" encoding="UTF-8"?>
<!-- Generated by org.testng.reporters.JUnitReportReporter -->
<testsuite hostname="DESKTOP-37JE1B6" failures="0" tests="2" name="MoviesDetailsPageTestRunner" time="14.852" errors="0" timestamp="2024-05-22T20:06:00 IST" skipped="0">
  <testcase classname="MoviesDetailsPageTestRunner" name="runScenario" time="8.145"/>
  <testcase classname="MoviesDetailsPageTestRunner" name="runScenario" time="6.707"/>
</testsuite> <!-- MoviesDetailsPageTestRunner -->
